"../../../../../../Udemy Tutorials/UE4 C++/TankBattleGame/TankBattleGame/Content/Blueprint/User_Interface/PlayerUI.uasset" 0
"../../../../../../Udemy Tutorials/UE4 C++/TankBattleGame/TankBattleGame/Content/Blueprint/Controller/BP_TankPlayerController.uasset" 1
"../../../../../../Udemy Tutorials/UE4 C++/TankBattleGame/TankBattleGame/Content/Materials/Custom/TankShell.uasset" 2
"../../../Engine/Content/Functions/Engine_MaterialFunctions01/Opacity/CameraDepthFade.uasset" 3
"../../../Engine/Content/EngineMaterials/T_Default_Material_Grid_M.uasset" 4
"../../../Engine/Content/EngineMaterials/T_Default_Material_Grid_N.uasset" 5
"../../../Engine/Content/EngineMaterials/DefaultMaterial.uasset" 6
"../../../Engine/Content/BasicShapes/Sphere.uasset" 7
"../../../../../../Udemy Tutorials/UE4 C++/TankBattleGame/TankBattleGame/Content/StarterContent/Textures/T_Burst_M.uasset" 8
"../../../../../../Udemy Tutorials/UE4 C++/TankBattleGame/TankBattleGame/Content/StarterContent/Particles/Materials/M_Burst.uasset" 9
"../../../../../../Udemy Tutorials/UE4 C++/TankBattleGame/TankBattleGame/Content/StarterContent/Textures/T_Explosion_SubUV.uasset" 10
"../../../../../../Udemy Tutorials/UE4 C++/TankBattleGame/TankBattleGame/Content/StarterContent/Particles/Materials/M_explosion_subUV.uasset" 11
"../../../../../../Udemy Tutorials/UE4 C++/TankBattleGame/TankBattleGame/Content/StarterContent/Particles/Materials/m_flare_01.uasset" 12
"../../../Engine/Content/Functions/Engine_MaterialFunctions01/Gradient/RadialGradient.uasset" 13
"../../../../../../Udemy Tutorials/UE4 C++/TankBattleGame/TankBattleGame/Content/StarterContent/Particles/Materials/M_radial_ramp.uasset" 14
"../../../../../../Udemy Tutorials/UE4 C++/TankBattleGame/TankBattleGame/Content/StarterContent/Textures/T_Smoke_SubUV.uasset" 15
"../../../../../../Udemy Tutorials/UE4 C++/TankBattleGame/TankBattleGame/Content/StarterContent/Textures/T_Smoke_Tiled_D.uasset" 16
"../../../../../../Udemy Tutorials/UE4 C++/TankBattleGame/TankBattleGame/Content/StarterContent/Particles/Materials/M_smoke_subUV.uasset" 17
"../../../../../../Udemy Tutorials/UE4 C++/TankBattleGame/TankBattleGame/Content/StarterContent/Particles/P_Explosion.uasset" 18
"../../../../../../Udemy Tutorials/UE4 C++/TankBattleGame/TankBattleGame/Content/Blueprint/Tank/BP_TankProjectile.uasset" 19
"../../../../../../Udemy Tutorials/UE4 C++/TankBattleGame/TankBattleGame/Content/Materials/Physical/TankPhysicalMaterial.uasset" 20
"../../../../../../Udemy Tutorials/UE4 C++/TankBattleGame/TankBattleGame/Content/StarterContent/Textures/T_MacroVariation.uasset" 21
"../../../../../../Udemy Tutorials/UE4 C++/TankBattleGame/TankBattleGame/Content/StarterContent/Materials/M_Metal_Chrome.uasset" 22
"../../../../../../Udemy Tutorials/UE4 C++/TankBattleGame/TankBattleGame/Content/StarterContent/Textures/T_Metal_Steel_D.uasset" 23
"../../../../../../Udemy Tutorials/UE4 C++/TankBattleGame/TankBattleGame/Content/StarterContent/Textures/T_Metal_Steel_N.uasset" 24
"../../../../../../Udemy Tutorials/UE4 C++/TankBattleGame/TankBattleGame/Content/StarterContent/Materials/M_Metal_Steel.uasset" 25
"../../../../../../Udemy Tutorials/UE4 C++/TankBattleGame/TankBattleGame/Content/Blueprint/Tank/TankMaterial.uasset" 26
"../../../../../../Udemy Tutorials/UE4 C++/TankBattleGame/TankBattleGame/Content/Blueprint/Tank/TrackMaterial.uasset" 27
"../../../../../../Udemy Tutorials/UE4 C++/TankBattleGame/TankBattleGame/Content/Meshes/Tank/tank_fbx_Barrel.uasset" 28
"../../../../../../Udemy Tutorials/UE4 C++/TankBattleGame/TankBattleGame/Content/Meshes/Tank/tank_fbx_Track.uasset" 29
"../../../../../../Udemy Tutorials/UE4 C++/TankBattleGame/TankBattleGame/Content/Meshes/Tank/tank_fbx_Turret.uasset" 30
"../../../../../../Udemy Tutorials/UE4 C++/TankBattleGame/TankBattleGame/Content/Meshes/Tank/tank_fbx_Body.uasset" 31
"../../../../../../Udemy Tutorials/UE4 C++/TankBattleGame/TankBattleGame/Content/Blueprint/Tank/BP_Tank.uasset" 32
"../../../../../../Udemy Tutorials/UE4 C++/TankBattleGame/TankBattleGame/Content/Blueprint/MyTankBattleGameGameModeBase.uasset" 33
"../../../../../../Udemy Tutorials/UE4 C++/TankBattleGame/TankBattleGame/Content/StarterContent/Materials/M_Basic_Wall.uasset" 34
"../../../../../../Udemy Tutorials/UE4 C++/TankBattleGame/TankBattleGame/Content/StarterContent/Architecture/Pillar_50x500.uasset" 35
"../../../../../../Udemy Tutorials/UE4 C++/TankBattleGame/TankBattleGame/Content/StarterContent/Architecture/Wall_400x300.uasset" 36
"../../../../../../Udemy Tutorials/UE4 C++/TankBattleGame/TankBattleGame/Content/StarterContent/Architecture/Wall_400x400.uasset" 37
"../../../../../../Udemy Tutorials/UE4 C++/TankBattleGame/TankBattleGame/Content/StarterContent/Architecture/Wall_500x500.uasset" 38
"../../../../../../Udemy Tutorials/UE4 C++/TankBattleGame/TankBattleGame/Content/StarterContent/Architecture/Wall_Door_400x400.uasset" 39
"../../../../../../Udemy Tutorials/UE4 C++/TankBattleGame/TankBattleGame/Content/StarterContent/Architecture/Wall_Window_400x400.uasset" 40
"../../../../../../Udemy Tutorials/UE4 C++/TankBattleGame/TankBattleGame/Content/StarterContent/Audio/Collapse01.uasset" 41
"../../../../../../Udemy Tutorials/UE4 C++/TankBattleGame/TankBattleGame/Content/StarterContent/Audio/Collapse02.uasset" 42
"../../../../../../Udemy Tutorials/UE4 C++/TankBattleGame/TankBattleGame/Content/StarterContent/Audio/Explosion01.uasset" 43
"../../../../../../Udemy Tutorials/UE4 C++/TankBattleGame/TankBattleGame/Content/StarterContent/Audio/Explosion02.uasset" 44
"../../../../../../Udemy Tutorials/UE4 C++/TankBattleGame/TankBattleGame/Content/StarterContent/Audio/Fire01.uasset" 45
"../../../../../../Udemy Tutorials/UE4 C++/TankBattleGame/TankBattleGame/Content/StarterContent/Audio/Fire_Sparks01.uasset" 46
"../../../../../../Udemy Tutorials/UE4 C++/TankBattleGame/TankBattleGame/Content/StarterContent/Audio/Light01.uasset" 47
"../../../../../../Udemy Tutorials/UE4 C++/TankBattleGame/TankBattleGame/Content/StarterContent/Audio/Light01_Cue.uasset" 48
"../../../../../../Udemy Tutorials/UE4 C++/TankBattleGame/TankBattleGame/Content/StarterContent/Audio/Light02.uasset" 49
"../../../../../../Udemy Tutorials/UE4 C++/TankBattleGame/TankBattleGame/Content/StarterContent/Audio/Light02_Cue.uasset" 50
"../../../../../../Udemy Tutorials/UE4 C++/TankBattleGame/TankBattleGame/Content/StarterContent/Audio/Smoke01.uasset" 51
"../../../../../../Udemy Tutorials/UE4 C++/TankBattleGame/TankBattleGame/Content/StarterContent/Audio/Starter_Birds01.uasset" 52
"../../../../../../Udemy Tutorials/UE4 C++/TankBattleGame/TankBattleGame/Content/StarterContent/Audio/Starter_Music01.uasset" 53
"../../../../../../Udemy Tutorials/UE4 C++/TankBattleGame/TankBattleGame/Content/StarterContent/Audio/Starter_Wind05.uasset" 54
"../../../../../../Udemy Tutorials/UE4 C++/TankBattleGame/TankBattleGame/Content/StarterContent/Audio/Starter_Wind06.uasset" 55
"../../../../../../Udemy Tutorials/UE4 C++/TankBattleGame/TankBattleGame/Content/StarterContent/Audio/Steam01.uasset" 56
"../../../../../../Udemy Tutorials/UE4 C++/TankBattleGame/TankBattleGame/Content/StarterContent/Audio/Explosion_Cue.uasset" 57
"../../../../../../Udemy Tutorials/UE4 C++/TankBattleGame/TankBattleGame/Content/StarterContent/Blueprints/Blueprint_Effect_Explosion.uasset" 58
"../../../Engine/Content/EditorMeshes/ColorCalibrator/T_ColorGrid.uasset" 59
"../../../../../../Udemy Tutorials/UE4 C++/TankBattleGame/TankBattleGame/Content/StarterContent/Materials/M_ColorGrid_LowSpec.uasset" 60
"../../../../../../Udemy Tutorials/UE4 C++/TankBattleGame/TankBattleGame/Content/StarterContent/Textures/T_Bush_D.uasset" 61
"../../../../../../Udemy Tutorials/UE4 C++/TankBattleGame/TankBattleGame/Content/StarterContent/Textures/T_Bush_N.uasset" 62
"../../../../../../Udemy Tutorials/UE4 C++/TankBattleGame/TankBattleGame/Content/StarterContent/Props/Materials/M_Bush.uasset" 63
"../../../../../../Udemy Tutorials/UE4 C++/TankBattleGame/TankBattleGame/Content/StarterContent/Props/SM_Bush.uasset" 64
"../../../../../../Udemy Tutorials/UE4 C++/TankBattleGame/TankBattleGame/Content/StarterContent/Textures/T_Chair_M.uasset" 65
"../../../../../../Udemy Tutorials/UE4 C++/TankBattleGame/TankBattleGame/Content/StarterContent/Textures/T_Chair_N.uasset" 66
"../../../../../../Udemy Tutorials/UE4 C++/TankBattleGame/TankBattleGame/Content/StarterContent/Props/Materials/M_Chair.uasset" 67
"../../../../../../Udemy Tutorials/UE4 C++/TankBattleGame/TankBattleGame/Content/StarterContent/Props/SM_Couch.uasset" 68
"../../../../../../Udemy Tutorials/UE4 C++/TankBattleGame/TankBattleGame/Content/StarterContent/Materials/M_Glass.uasset" 69
"../../../../../../Udemy Tutorials/UE4 C++/TankBattleGame/TankBattleGame/Content/StarterContent/Textures/T_Door_M.uasset" 70
"../../../../../../Udemy Tutorials/UE4 C++/TankBattleGame/TankBattleGame/Content/StarterContent/Textures/T_Door_N.uasset" 71
"../../../../../../Udemy Tutorials/UE4 C++/TankBattleGame/TankBattleGame/Content/StarterContent/Props/Materials/M_Door.uasset" 72
"../../../../../../Udemy Tutorials/UE4 C++/TankBattleGame/TankBattleGame/Content/StarterContent/Props/SM_Door.uasset" 73
"../../../../../../Udemy Tutorials/UE4 C++/TankBattleGame/TankBattleGame/Content/StarterContent/Props/Materials/M_MaterialSphere.uasset" 74
"../../../../../../Udemy Tutorials/UE4 C++/TankBattleGame/TankBattleGame/Content/StarterContent/Props/Materials/M_MaterialSphere_Plain.uasset" 75
"../../../../../../Udemy Tutorials/UE4 C++/TankBattleGame/TankBattleGame/Content/StarterContent/Props/SM_MatPreviewMesh_02.uasset" 76
"../../../Engine/Content/Functions/Engine_MaterialFunctions02/Utility/BlendAngleCorrectedNormals.uasset" 77
"../../../../../../Udemy Tutorials/UE4 C++/TankBattleGame/TankBattleGame/Content/StarterContent/Textures/T_Detail_Rocky_N.uasset" 78
"../../../../../../Udemy Tutorials/UE4 C++/TankBattleGame/TankBattleGame/Content/StarterContent/Textures/T_Rock_Basalt_D.uasset" 79
"../../../../../../Udemy Tutorials/UE4 C++/TankBattleGame/TankBattleGame/Content/StarterContent/Textures/T_RockMesh_M.uasset" 80
"../../../../../../Udemy Tutorials/UE4 C++/TankBattleGame/TankBattleGame/Content/StarterContent/Textures/T_RockMesh_N.uasset" 81
"../../../../../../Udemy Tutorials/UE4 C++/TankBattleGame/TankBattleGame/Content/StarterContent/Props/Materials/M_Rock.uasset" 82
"../../../../../../Udemy Tutorials/UE4 C++/TankBattleGame/TankBattleGame/Content/StarterContent/Props/SM_Rock.uasset" 83
"../../../../../../Udemy Tutorials/UE4 C++/TankBattleGame/TankBattleGame/Content/StarterContent/Textures/T_Shelf_M.uasset" 84
"../../../../../../Udemy Tutorials/UE4 C++/TankBattleGame/TankBattleGame/Content/StarterContent/Textures/T_Shelf_N.uasset" 85
"../../../../../../Udemy Tutorials/UE4 C++/TankBattleGame/TankBattleGame/Content/StarterContent/Props/Materials/M_Shelf.uasset" 86
"../../../../../../Udemy Tutorials/UE4 C++/TankBattleGame/TankBattleGame/Content/StarterContent/Props/SM_Shelf.uasset" 87
"../../../../../../Udemy Tutorials/UE4 C++/TankBattleGame/TankBattleGame/Content/StarterContent/Materials/M_Basic_Floor.uasset" 88
"../../../../../../Udemy Tutorials/UE4 C++/TankBattleGame/TankBattleGame/Content/StarterContent/Props/SM_Stairs.uasset" 89
"../../../../../../Udemy Tutorials/UE4 C++/TankBattleGame/TankBattleGame/Content/StarterContent/Shapes/Shape_Cone.uasset" 90
"../../../../../../Udemy Tutorials/UE4 C++/TankBattleGame/TankBattleGame/Content/StarterContent/Shapes/Shape_Cylinder.uasset" 91
"../../../../../../Udemy Tutorials/UE4 C++/TankBattleGame/TankBattleGame/Content/StarterContent/Shapes/Shape_NarrowCapsule.uasset" 92
"../../../../../../Udemy Tutorials/UE4 C++/TankBattleGame/TankBattleGame/Content/StarterContent/Shapes/Shape_Pipe.uasset" 93
"../../../../../../Udemy Tutorials/UE4 C++/TankBattleGame/TankBattleGame/Content/StarterContent/Shapes/Shape_Pipe_180.uasset" 94
"../../../../../../Udemy Tutorials/UE4 C++/TankBattleGame/TankBattleGame/Content/StarterContent/Shapes/Shape_Pipe_90.uasset" 95
"../../../../../../Udemy Tutorials/UE4 C++/TankBattleGame/TankBattleGame/Content/StarterContent/Shapes/Shape_Plane.uasset" 96
"../../../../../../Udemy Tutorials/UE4 C++/TankBattleGame/TankBattleGame/Content/StarterContent/Shapes/Shape_Torus.uasset" 97
"../../../../../../Udemy Tutorials/UE4 C++/TankBattleGame/TankBattleGame/Content/StarterContent/Shapes/Shape_Trim.uasset" 98
"../../../../../../Udemy Tutorials/UE4 C++/TankBattleGame/TankBattleGame/Content/StarterContent/Shapes/Shape_Trim_90_In.uasset" 99
"../../../../../../Udemy Tutorials/UE4 C++/TankBattleGame/TankBattleGame/Content/StarterContent/Shapes/Shape_Trim_90_Out.uasset" 100
"../../../../../../Udemy Tutorials/UE4 C++/TankBattleGame/TankBattleGame/Content/StarterContent/Shapes/Shape_TriPyramid.uasset" 101
"../../../../../../Udemy Tutorials/UE4 C++/TankBattleGame/TankBattleGame/Content/StarterContent/Shapes/Shape_Tube.uasset" 102
"../../../../../../Udemy Tutorials/UE4 C++/TankBattleGame/TankBattleGame/Content/StarterContent/Shapes/Shape_Wedge_A.uasset" 103
"../../../../../../Udemy Tutorials/UE4 C++/TankBattleGame/TankBattleGame/Content/StarterContent/Shapes/Shape_Wedge_B.uasset" 104
"../../../../../../Udemy Tutorials/UE4 C++/TankBattleGame/TankBattleGame/Content/StarterContent/Shapes/Shape_WideCapsule.uasset" 105
"../../../Engine/Content/EngineMaterials/WorldGridMaterial.uasset" 106
"../../../Engine/Content/ArtTools/RenderToTexture/Meshes/S_1_Unit_Plane.uasset" 107
"../../../Engine/Content/BasicShapes/Cone.uasset" 108
"../../../Engine/Content/BasicShapes/Cube.uasset" 109
"../../../Engine/Content/BasicShapes/Cylinder.uasset" 110
"../../../Engine/Content/BasicShapes/Plane.uasset" 111
"../../../Engine/Content/EditorLandscapeResources/DataLayer.uasset" 112
"../../../Engine/Content/EditorMaterials/GizmoMaterial.uasset" 113
"../../../Engine/Content/EditorMaterials/MAT_Groups_Toggle.uasset" 114
"../../../Engine/Content/EditorMaterials/MAT_Groups_Visibility.uasset" 115
"../../../Engine/Content/EditorMaterials/PreviewShadowIndicator.uasset" 116
"../../../Engine/Content/EditorMaterials/PreviewShadowIndicatorMaterial.uasset" 117
"../../../Engine/Content/EditorMaterials/MatineeGroups/MAT_ColorTrack.uasset" 118
"../../../Engine/Content/EditorMaterials/MatineeGroups/MAT_Groups_Anim.uasset" 119
"../../../Engine/Content/EditorMaterials/MatineeGroups/MAT_Groups_AudioMaster.uasset" 120
"../../../Engine/Content/EditorMaterials/MatineeGroups/MAT_Groups_Director.uasset" 121
"../../../Engine/Content/EditorMaterials/MatineeGroups/MAT_Groups_Event.uasset" 122
"../../../Engine/Content/EditorMaterials/MatineeGroups/MAT_Groups_Fade.uasset" 123
"../../../Engine/Content/EditorMaterials/MatineeGroups/MAT_Groups_Float.uasset" 124
"../../../Engine/Content/EditorMaterials/MatineeGroups/MAT_Groups_Move.uasset" 125
"../../../Engine/Content/EditorMaterials/MatineeGroups/MAT_Groups_Slomo.uasset" 126
"../../../Engine/Content/EditorMaterials/MatineeGroups/MAT_Groups_Sound.uasset" 127
"../../../Engine/Content/EditorMaterials/MatineeGroups/MAT_Groups_Vector.uasset" 128
"../../../Engine/Content/EditorMaterials/ParticleSystems/PSysThumbnail_NoImage.uasset" 129
"../../../Engine/Content/EditorMaterials/ParticleSystems/PSysThumbnail_OOD.uasset" 130
"../../../Engine/Content/EditorMaterials/Camera/CineMat.uasset" 131
"../../../Engine/Content/EditorMaterials/Camera/MI_CineMat_Rig.uasset" 132
"../../../Engine/Content/EditorMeshes/Camera/SM_CraneRig_Arm.uasset" 133
"../../../Engine/Content/EditorMeshes/Camera/SM_CraneRig_Base.uasset" 134
"../../../Engine/Content/EditorMeshes/Camera/SM_CraneRig_Body.uasset" 135
"../../../Engine/Content/EditorMeshes/Camera/SM_CraneRig_Mount.uasset" 136
"../../../Engine/Content/EditorMeshes/Camera/SM_RailRig_Mount.uasset" 137
"../../../Engine/Content/EditorMeshes/Camera/SM_RailRig_Track.uasset" 138
"../../../Engine/Content/EditorResources/BSPVertex.uasset" 139
"../../../Engine/Content/EditorResources/EmptyActor.uasset" 140
"../../../Engine/Content/EditorResources/S_Actor.uasset" 141
"../../../Engine/Content/EditorResources/S_Trigger.uasset" 142
"../../../Engine/Content/EditorResources/AudioIcons/S_AudioComponent.uasset" 143
"../../../Engine/Content/EditorResources/AudioIcons/S_AudioComponent_AutoActivate.uasset" 144
"../../../Engine/Content/EditorResources/LightIcons/S_LightError.uasset" 145
"../../../Engine/Content/EditorResources/SequenceRecorder/Countdown.uasset" 146
"../../../Engine/Content/EditorResources/SequenceRecorder/RecordingIndicator.uasset" 147
"../../../Engine/Content/EditorSounds/Notifications/CompileFailed.uasset" 148
"../../../Engine/Content/EditorSounds/Notifications/CompileFailed_Cue.uasset" 149
"../../../Engine/Content/EditorSounds/Notifications/CompileSuccess.uasset" 150
"../../../Engine/Content/EditorSounds/Notifications/CompileStart_Cue.uasset" 151
"../../../Engine/Content/EditorSounds/Notifications/CompileSuccess_Cue.uasset" 152
"../../../Engine/Content/EngineDamageTypes/DmgTypeBP_Environmental.uasset" 153
"../../../Engine/Content/EngineDebugMaterials/HeatmapGradient.uasset" 154
"../../../Engine/Content/EngineDebugMaterials/BoneWeightMaterial.uasset" 155
"../../../Engine/Content/EngineDebugMaterials/ClothMaterial.uasset" 156
"../../../Engine/Content/EngineDebugMaterials/ClothMaterial_WF.uasset" 157
"../../../Engine/Content/EngineDebugMaterials/DebugEditorMaterial.uasset" 158
"../../../Engine/Content/EngineDebugMaterials/DebugMeshMaterial.uasset" 159
"../../../Engine/Content/EngineDebugMaterials/GeomMaterial.uasset" 160
"../../../Engine/Content/EngineDebugMaterials/M_SimpleTranslucent.uasset" 161
"../../../Engine/Content/EngineFonts/Faces/RobotoBold.uasset" 162
"../../../Engine/Content/EngineFonts/Faces/RobotoBoldItalic.uasset" 163
"../../../Engine/Content/EngineFonts/Faces/RobotoItalic.uasset" 164
"../../../Engine/Content/EngineFonts/Faces/RobotoLight.uasset" 165
"../../../Engine/Content/EngineFonts/Faces/RobotoRegular.uasset" 166
"../../../Engine/Content/EngineFonts/Roboto.uasset" 167
"../../../Engine/Content/EngineFonts/Faces/RobotoTiny.uasset" 168
"../../../Engine/Content/EngineFonts/RobotoTiny.uasset" 169
"../../../Engine/Content/EngineMaterials/BaseFlattenDiffuseMap.uasset" 170
"../../../Engine/Content/EngineMaterials/BaseFlattenEmissiveMap.uasset" 171
"../../../Engine/Content/EngineMaterials/BaseFlattenGrayscaleMap.uasset" 172
"../../../Engine/Content/EngineMaterials/BaseFlattenNormalMap.uasset" 173
"../../../Engine/Content/EngineMaterials/BaseFlattenMaterial.uasset" 174
"../../../Engine/Content/EngineMaterials/DefaultBloomKernel.uasset" 175
"../../../Engine/Content/EngineMaterials/DefaultBokeh.uasset" 176
"../../../Engine/Content/EngineMaterials/DefaultDiffuse.uasset" 177
"../../../Engine/Content/EngineMaterials/DefaultDeferredDecalMaterial.uasset" 178
"../../../Engine/Content/EngineMaterials/DefaultLightFunctionMaterial.uasset" 179
"../../../Engine/Content/Functions/Engine_MaterialFunctions02/Utility/BreakOutFloat2Components.uasset" 180
"../../../Engine/Content/EngineMaterials/DefaultPostProcessMaterial.uasset" 181
"../../../Engine/Content/EngineFonts/RobotoDistanceField.uasset" 182
"../../../Engine/Content/EngineMaterials/DefaultTextMaterialOpaque.uasset" 183
"../../../Engine/Content/EngineMaterials/DefaultWhiteGrid.uasset" 184
"../../../Engine/Content/EngineMaterials/EditorBrushMaterial.uasset" 185
"../../../Engine/Content/EngineMaterials/Good64x64TilingNoiseHighFreq.uasset" 186
"../../../Engine/Content/EngineMaterials/MiniFont.uasset" 187
"../../../Engine/Content/EngineMaterials/InvalidLightmapSettings.uasset" 188
"../../../Engine/Content/EngineMaterials/M_InvalidLightmapSettings.uasset" 189
"../../../Engine/Content/Functions/Engine_MaterialFunctions02/WorldPositionOffset/CameraOffset.uasset" 190
"../../../Engine/Content/EngineMaterials/PhAT_JointLimitMaterial.uasset" 191
"../../../Engine/Content/EngineMaterials/PreintegratedSkinBRDF.uasset" 192
"../../../Engine/Content/EngineMaterials/RemoveSurfaceMaterial.uasset" 193
"../../../Engine/Content/EngineMaterials/WeightMapPlaceholderTexture.uasset" 194
"../../../Engine/Content/EngineResources/WhiteSquareTexture.uasset" 195
"../../../Engine/Content/EngineMaterials/Widget3DPassThrough.uasset" 196
"../../../Engine/Content/EngineMaterials/Widget3DPassThrough_Masked.uasset" 197
"../../../Engine/Content/EngineMaterials/Widget3DPassThrough_Opaque.uasset" 198
"../../../Engine/Content/EngineMaterials/Widget3DPassThrough_Masked_OneSided.uasset" 199
"../../../Engine/Content/EngineMaterials/Widget3DPassThrough_Opaque_OneSided.uasset" 200
"../../../Engine/Content/EngineMaterials/Widget3DPassThrough_Translucent.uasset" 201
"../../../Engine/Content/EngineMaterials/Widget3DPassThrough_Translucent_OneSided.uasset" 202
"../../../Engine/Content/EngineMeshes/Cylinder.uasset" 203
"../../../Engine/Content/EngineMeshes/Sphere.uasset" 204
"../../../Engine/Content/EngineResources/Black.uasset" 205
"../../../Engine/Content/EngineResources/DefaultTexture.uasset" 206
"../../../Engine/Content/EngineResources/DefaultTextureCube.uasset" 207
"../../../Engine/Content/EngineResources/DefaultVolumeTexture2D.uasset" 208
"../../../Engine/Content/EngineResources/DefaultVolumeTexture.uasset" 209
"../../../Engine/Content/EngineResources/GradientTexture0.uasset" 210
"../../../Engine/Content/EngineSounds/Master.uasset" 211
"../../../Engine/Content/Functions/Engine_MaterialFunctions01/Shading/ConvertFromDiffSpec.uasset" 212
"../../../Engine/Content/Functions/Engine_MaterialFunctions01/Shading/PowerToRoughness.uasset" 213
"../../../Engine/Content/Maps/Templates/Thumbnails/Default.uasset" 214
"../../../Engine/Content/Maps/Templates/Thumbnails/VR-Basic.uasset" 215
"../../../Engine/Content/MobileResources/T_MobileControls_texture.uasset" 216
"../../../Engine/Content/MobileResources/T_MobileMenu2.uasset" 217
"../../../Engine/Content/MobileResources/HUD/AnalogHat.uasset" 218
"../../../Engine/Content/MobileResources/HUD/VirtualJoystick_Background.uasset" 219
"../../../Engine/Content/MobileResources/HUD/VirtualJoystick_Thumb.uasset" 220
"../../../Engine/Content/MobileResources/HUD/DefaultVirtualJoysticks.uasset" 221
"../../../Engine/Content/MobileResources/HUD/LeftVirtualJoystickOnly.uasset" 222
"../../../Engine/Content/MobileResources/HUD/MobileHUDButton1_off.uasset" 223
"../../../Engine/Content/MobileResources/HUD/MobileHUDButton1_on.uasset" 224
"../../../Engine/Content/MobileResources/HUD/MobileHUDButton2_off.uasset" 225
"../../../Engine/Content/MobileResources/HUD/MobileHUDButton2_on.uasset" 226
"../../../Engine/Content/MobileResources/HUD/MobileHUDButton3.uasset" 227
"../../../Engine/Content/MobileResources/HUD/MobileHUDButtonFire.uasset" 228
"../../../Engine/Content/MobileResources/HUD/MobileHUDDirectionPad.uasset" 229
"../../../Engine/Content/MobileResources/HUD/MobileHUDDirectionPad2.uasset" 230
"../../../Engine/Content/MobileResources/HUD/MobileHUDDirectionPad3.uasset" 231
"../../../Engine/Content/MobileResources/HUD/MobileHUDDirectionStick.uasset" 232
"../../../Engine/Content/MobileResources/HUD/T_Castle_ThumbstickInner.uasset" 233
"../../../Engine/Content/MobileResources/HUD/T_Castle_ThumbstickOutter.uasset" 234
"../../../Engine/Content/Tutorial/ContentIntroCurve.uasset" 235
"../../../Engine/Content/Tutorial/BlueprintTutorials/TutorialAssets/Blueprint_64x.uasset" 236
"../../../Engine/Content/VREditor/LaserPointer/VR_LaserPower_01.uasset" 237
"../../../Engine/Content/VREditor/TransformGizmo/TransformGizmoMaterial.uasset" 238
"../../../Engine/Content/VREditor/TransformGizmo/TranslucentTransformGizmoMaterial.uasset" 239
"../../../Engine/Content/VREditor/TransformGizmo/BoundingBoxCorner.uasset" 240
"../../../Engine/Content/VREditor/TransformGizmo/BoundingBoxEdge.uasset" 241
"../../../Engine/Content/VREditor/TransformGizmo/PlaneTranslationHandle.uasset" 242
"../../../Engine/Content/VREditor/TransformGizmo/Main.uasset" 243
"../../../Engine/Content/VREditor/TransformGizmo/Xray.uasset" 244
"../../../Engine/Content/VREditor/TransformGizmo/SM_Sequencer_Key.uasset" 245
"../../../Engine/Content/VREditor/TransformGizmo/SM_Sequencer_Node.uasset" 246
"../../Plugins/2D/Paper2D/Content/PlaceholderTextures/DummySpriteTexture.uasset" 247
"../../Plugins/2D/Paper2D/Content/DummySprite.uasset" 248
"../../Plugins/2D/Paper2D/Content/DefaultPaperTerrainMaterial.uasset" 249
"../../Plugins/2D/Paper2D/Content/DefaultSpriteMaterial.uasset" 250
"../../Plugins/2D/Paper2D/Content/MaskedUnlitSpriteMaterial.uasset" 251
"../../Plugins/2D/Paper2D/Content/OpaqueUnlitSpriteMaterial.uasset" 252
"../../Plugins/Runtime/Oculus/OculusVR/Content/Materials/PokeAHoleMaterial.uasset" 253
"../../Plugins/Runtime/Oculus/OculusVR/Content/Textures/GearVRController_AO.uasset" 254
"../../Plugins/Runtime/Oculus/OculusVR/Content/Textures/GearVRController_Color.uasset" 255
"../../Plugins/Runtime/Oculus/OculusVR/Content/Textures/GearVRController_Normal.uasset" 256
"../../Plugins/Runtime/Oculus/OculusVR/Content/Materials/GearVRControllerMaterial.uasset" 257
"../../Plugins/Runtime/Oculus/OculusVR/Content/Meshes/GearVrController.uasset" 258
"../../Plugins/Runtime/Oculus/OculusVR/Content/Textures/touchController_albedo.uasset" 259
"../../Plugins/Runtime/Oculus/OculusVR/Content/Textures/touchController_controlmap.uasset" 260
"../../Plugins/Runtime/Oculus/OculusVR/Content/Materials/touchController_mat.uasset" 261
"../../Plugins/Runtime/Oculus/OculusVR/Content/Meshes/LeftTouchController.uasset" 262
"../../Plugins/Runtime/Oculus/OculusVR/Content/Meshes/RiftHMD.uasset" 263
"../../Plugins/Runtime/Oculus/OculusVR/Content/Meshes/RightTouchController.uasset" 264
"../../../Engine/Content/EditorBlueprintResources/StandardMacros.uasset" 265
"../../../Engine/Content/EngineSky/C_Sky_Cloud_Color.uasset" 266
"../../../Engine/Content/EngineSky/C_Sky_Horizon_Color.uasset" 267
"../../../Engine/Content/EngineSky/C_Sky_Zenith_Color.uasset" 268
"../../../Engine/Content/EngineSky/T_Sky_Blue.uasset" 269
"../../../Engine/Content/EngineSky/T_Sky_Clouds_M.uasset" 270
"../../../Engine/Content/EngineSky/T_Sky_Stars.uasset" 271
"../../../Engine/Content/EngineSky/M_Sky_Panning_Clouds2.uasset" 272
"../../../Engine/Content/EngineSky/SM_SkySphere.uasset" 273
"../../../Engine/Content/EngineSky/BP_Sky_Sphere.uasset" 274
"../../../../../../Udemy Tutorials/UE4 C++/TankBattleGame/TankBattleGame/Content/Levels/BattleGround_BuiltData.uasset" 275
"../../../../../../Udemy Tutorials/UE4 C++/TankBattleGame/TankBattleGame/Content/StarterContent/Textures/T_Ground_Grass_D.uasset" 276
"../../../../../../Udemy Tutorials/UE4 C++/TankBattleGame/TankBattleGame/Content/StarterContent/Textures/T_Ground_Grass_N.uasset" 277
"../../../../../../Udemy Tutorials/UE4 C++/TankBattleGame/TankBattleGame/Content/StarterContent/Textures/T_Perlin_Noise_M.uasset" 278
"../../../../../../Udemy Tutorials/UE4 C++/TankBattleGame/TankBattleGame/Content/StarterContent/Materials/M_Ground_Grass.uasset" 279
"../../../Engine/Content/EngineMaterials/DefaultPhysicalMaterial.uasset" 280
"../../../../../../Udemy Tutorials/UE4 C++/TankBattleGame/TankBattleGame/Content/Levels/BattleGround.umap" 281
"../../../../../../Udemy Tutorials/UE4 C++/TankBattleGame/TankBattleGame/Content/Levels/BattleGroundEasy_BuiltData.uasset" 282
"../../../../../../Udemy Tutorials/UE4 C++/TankBattleGame/TankBattleGame/Content/Levels/BattleGroundEasy.umap" 283
"../../../../../../Udemy Tutorials/UE4 C++/TankBattleGame/TankBattleGame/Content/Levels/BattleGroundGoodTerrain_BuiltData.uasset" 284
"../../../../../../Udemy Tutorials/UE4 C++/TankBattleGame/TankBattleGame/Content/Levels/BattleGroundGoodTerrain.umap" 285
"../../../../../../Udemy Tutorials/UE4 C++/TankBattleGame/TankBattleGame/Content/Blueprint/User_Interface/MainMenu_Tank.uasset" 286
"../../../../../../Udemy Tutorials/UE4 C++/TankBattleGame/TankBattleGame/Content/Blueprint/User_Interface/MainMenu.uasset" 287
"../../../../../../Udemy Tutorials/UE4 C++/TankBattleGame/TankBattleGame/Content/Levels/MainMenu.umap" 288
"../../../../../../Udemy Tutorials/UE4 C++/TankBattleGame/TankBattleGame/Content/Levels/TrainingLevel_BuiltData.uasset" 289
"../../../../../../Udemy Tutorials/UE4 C++/TankBattleGame/TankBattleGame/Content/Levels/TrainingLevel.umap" 290
"../../../../../../Udemy Tutorials/UE4 C++/TankBattleGame/TankBattleGame/Content/StarterContent/Blueprints/Assets/FogBrightnessLUT.uasset" 291
"../../../../../../Udemy Tutorials/UE4 C++/TankBattleGame/TankBattleGame/Content/StarterContent/Blueprints/Assets/SunlightColorLUT.uasset" 292
"../../../../../../Udemy Tutorials/UE4 C++/TankBattleGame/TankBattleGame/Content/StarterContent/Blueprints/Assets/M_LightStage_Arrows.uasset" 293
"../../../Engine/Content/MapTemplates/Sky/DaylightAmbientCubemap.uasset" 294
"../../../../../../Udemy Tutorials/UE4 C++/TankBattleGame/TankBattleGame/Content/StarterContent/Blueprints/Assets/M_LightStage_Skybox_Master.uasset" 295
"../../../../../../Udemy Tutorials/UE4 C++/TankBattleGame/TankBattleGame/Content/StarterContent/Blueprints/Assets/M_LightStage_Skybox_Black.uasset" 296
"../../../../../../Udemy Tutorials/UE4 C++/TankBattleGame/TankBattleGame/Content/StarterContent/Blueprints/Assets/M_LightStage_Skybox_HDRI.uasset" 297
"../../../Engine/Content/EditorMaterials/Thumbnails/SkySphereMaterial.uasset" 298
"../../../../../../Udemy Tutorials/UE4 C++/TankBattleGame/TankBattleGame/Content/StarterContent/Blueprints/Assets/Skybox.uasset" 299
"../../../../../../Udemy Tutorials/UE4 C++/TankBattleGame/TankBattleGame/Content/StarterContent/Blueprints/Assets/SM_Arrows.uasset" 300
"../../../../../../Udemy Tutorials/UE4 C++/TankBattleGame/TankBattleGame/Content/StarterContent/HDRI/HDRI_Epic_Courtyard_Daylight.uasset" 301
"../../../../../../Udemy Tutorials/UE4 C++/TankBattleGame/TankBattleGame/Content/StarterContent/Blueprints/BP_LightStudio.uasset" 302
"../../../../../../Udemy Tutorials/UE4 C++/TankBattleGame/TankBattleGame/Content/StarterContent/Maps/Advanced_Lighting_BuiltData.uasset" 303
"../../../../../../Udemy Tutorials/UE4 C++/TankBattleGame/TankBattleGame/Content/StarterContent/Materials/M_AssetPlatform.uasset" 304
"../../../Engine/Content/EditorMeshes/ColorCalibrator/M_ChromeBall.uasset" 305
"../../../Engine/Content/EditorMeshes/ColorCalibrator/M_ClearCoat.uasset" 306
"../../../Engine/Content/EditorMeshes/ColorCalibrator/M_ClearCoatBlack.uasset" 307
"../../../Engine/Content/EditorMeshes/ColorCalibrator/Color_checker.uasset" 308
"../../../Engine/Content/EditorMeshes/ColorCalibrator/M_ColorGrid.uasset" 309
"../../../Engine/Content/EditorMeshes/ColorCalibrator/M_GreyBall.uasset" 310
"../../../Engine/Content/EditorMeshes/ColorCalibrator/SM_ColorCalibrator.uasset" 311
"../../../../../../Udemy Tutorials/UE4 C++/TankBattleGame/TankBattleGame/Content/StarterContent/Architecture/SM_AssetPlatform.uasset" 312
"../../../../../../Udemy Tutorials/UE4 C++/TankBattleGame/TankBattleGame/Content/StarterContent/Maps/Advanced_Lighting.umap" 313
"../../../../../../Udemy Tutorials/UE4 C++/TankBattleGame/TankBattleGame/Content/StarterContent/Maps/Minimal_Default_BuiltData.uasset" 314
"../../../../../../Udemy Tutorials/UE4 C++/TankBattleGame/TankBattleGame/Content/StarterContent/Materials/M_Metal_Brushed_Nickel.uasset" 315
"../../../../../../Udemy Tutorials/UE4 C++/TankBattleGame/TankBattleGame/Content/StarterContent/Textures/T_Metal_Aluminum_D.uasset" 316
"../../../../../../Udemy Tutorials/UE4 C++/TankBattleGame/TankBattleGame/Content/StarterContent/Textures/T_Metal_Gold_N.uasset" 317
"../../../../../../Udemy Tutorials/UE4 C++/TankBattleGame/TankBattleGame/Content/StarterContent/Materials/M_Metal_Burnished_Steel.uasset" 318
"../../../../../../Udemy Tutorials/UE4 C++/TankBattleGame/TankBattleGame/Content/StarterContent/Textures/T_Metal_Copper_D.uasset" 319
"../../../../../../Udemy Tutorials/UE4 C++/TankBattleGame/TankBattleGame/Content/StarterContent/Materials/M_Metal_Copper.uasset" 320
"../../../../../../Udemy Tutorials/UE4 C++/TankBattleGame/TankBattleGame/Content/StarterContent/Textures/T_Statue_M.uasset" 321
"../../../../../../Udemy Tutorials/UE4 C++/TankBattleGame/TankBattleGame/Content/StarterContent/Textures/T_Statue_N.uasset" 322
"../../../../../../Udemy Tutorials/UE4 C++/TankBattleGame/TankBattleGame/Content/StarterContent/Props/Materials/M_StatueGlass.uasset" 323
"../../../../../../Udemy Tutorials/UE4 C++/TankBattleGame/TankBattleGame/Content/StarterContent/Architecture/Floor_400x400.uasset" 324
"../../../../../../Udemy Tutorials/UE4 C++/TankBattleGame/TankBattleGame/Content/StarterContent/Audio/Starter_Background_Cue.uasset" 325
"../../../../../../Udemy Tutorials/UE4 C++/TankBattleGame/TankBattleGame/Content/StarterContent/Props/SM_Chair.uasset" 326
"../../../../../../Udemy Tutorials/UE4 C++/TankBattleGame/TankBattleGame/Content/StarterContent/Props/Materials/M_Statue.uasset" 327
"../../../../../../Udemy Tutorials/UE4 C++/TankBattleGame/TankBattleGame/Content/StarterContent/Props/SM_Statue.uasset" 328
"../../../../../../Udemy Tutorials/UE4 C++/TankBattleGame/TankBattleGame/Content/StarterContent/Textures/T_TableRound_M.uasset" 329
"../../../../../../Udemy Tutorials/UE4 C++/TankBattleGame/TankBattleGame/Content/StarterContent/Textures/T_TableRound_N.uasset" 330
"../../../../../../Udemy Tutorials/UE4 C++/TankBattleGame/TankBattleGame/Content/StarterContent/Props/Materials/M_TableRound.uasset" 331
"../../../../../../Udemy Tutorials/UE4 C++/TankBattleGame/TankBattleGame/Content/StarterContent/Props/SM_TableRound.uasset" 332
"../../../../../../Udemy Tutorials/UE4 C++/TankBattleGame/TankBattleGame/Content/StarterContent/Maps/Minimal_Default.umap" 333
"../../../../../../Udemy Tutorials/UE4 C++/TankBattleGame/TankBattleGame/Content/StarterContent/Audio/Fire01_Cue.uasset" 334
"../../../../../../Udemy Tutorials/UE4 C++/TankBattleGame/TankBattleGame/Content/StarterContent/Textures/T_Fire_SubUV.uasset" 335
"../../../../../../Udemy Tutorials/UE4 C++/TankBattleGame/TankBattleGame/Content/StarterContent/Textures/T_Fire_Tiled_D.uasset" 336
"../../../../../../Udemy Tutorials/UE4 C++/TankBattleGame/TankBattleGame/Content/StarterContent/Particles/Materials/M_Fire_SubUV.uasset" 337
"../../../../../../Udemy Tutorials/UE4 C++/TankBattleGame/TankBattleGame/Content/StarterContent/Textures/T_Water_N.uasset" 338
"../../../../../../Udemy Tutorials/UE4 C++/TankBattleGame/TankBattleGame/Content/StarterContent/Particles/Materials/M_Heat_Distortion.uasset" 339
"../../../../../../Udemy Tutorials/UE4 C++/TankBattleGame/TankBattleGame/Content/StarterContent/Particles/Materials/M_Radial_Gradient.uasset" 340
"../../../../../../Udemy Tutorials/UE4 C++/TankBattleGame/TankBattleGame/Content/StarterContent/Particles/P_Fire.uasset" 341
"../../../../../../Udemy Tutorials/UE4 C++/TankBattleGame/TankBattleGame/Content/StarterContent/Blueprints/Blueprint_Effect_Fire.uasset" 342
"../../../../../../Udemy Tutorials/UE4 C++/TankBattleGame/TankBattleGame/Content/StarterContent/Audio/Smoke01_Cue.uasset" 343
"../../../../../../Udemy Tutorials/UE4 C++/TankBattleGame/TankBattleGame/Content/StarterContent/Particles/P_Smoke.uasset" 344
"../../../../../../Udemy Tutorials/UE4 C++/TankBattleGame/TankBattleGame/Content/StarterContent/Blueprints/Blueprint_Effect_Smoke.uasset" 345
"../../../../../../Udemy Tutorials/UE4 C++/TankBattleGame/TankBattleGame/Content/StarterContent/Audio/Fire_Sparks01_Cue.uasset" 346
"../../../../../../Udemy Tutorials/UE4 C++/TankBattleGame/TankBattleGame/Content/StarterContent/Textures/T_Spark_Core.uasset" 347
"../../../../../../Udemy Tutorials/UE4 C++/TankBattleGame/TankBattleGame/Content/StarterContent/Particles/Materials/M_Spark.uasset" 348
"../../../../../../Udemy Tutorials/UE4 C++/TankBattleGame/TankBattleGame/Content/StarterContent/Particles/P_Sparks.uasset" 349
"../../../../../../Udemy Tutorials/UE4 C++/TankBattleGame/TankBattleGame/Content/StarterContent/Blueprints/Blueprint_Effect_Sparks.uasset" 350
"../../../../../../Udemy Tutorials/UE4 C++/TankBattleGame/TankBattleGame/Content/StarterContent/Audio/Steam01_Cue.uasset" 351
"../../../../../../Udemy Tutorials/UE4 C++/TankBattleGame/TankBattleGame/Content/StarterContent/Particles/P_Steam_Lit.uasset" 352
"../../../../../../Udemy Tutorials/UE4 C++/TankBattleGame/TankBattleGame/Content/StarterContent/Blueprints/Blueprint_Effect_Steam.uasset" 353
"../../../../../../Udemy Tutorials/UE4 C++/TankBattleGame/TankBattleGame/Content/StarterContent/Textures/T_Lamp_M.uasset" 354
"../../../../../../Udemy Tutorials/UE4 C++/TankBattleGame/TankBattleGame/Content/StarterContent/Textures/T_Lamp_N.uasset" 355
"../../../../../../Udemy Tutorials/UE4 C++/TankBattleGame/TankBattleGame/Content/StarterContent/Props/Materials/M_Lamp.uasset" 356
"../../../../../../Udemy Tutorials/UE4 C++/TankBattleGame/TankBattleGame/Content/StarterContent/Props/SM_Lamp_Ceiling.uasset" 357
"../../../../../../Udemy Tutorials/UE4 C++/TankBattleGame/TankBattleGame/Content/StarterContent/Blueprints/Blueprint_CeilingLight.uasset" 358
"../../../../../../Udemy Tutorials/UE4 C++/TankBattleGame/TankBattleGame/Content/StarterContent/Props/SM_Lamp_Wall.uasset" 359
"../../../../../../Udemy Tutorials/UE4 C++/TankBattleGame/TankBattleGame/Content/StarterContent/Blueprints/Blueprint_WallSconce.uasset" 360
"../../../../../../Udemy Tutorials/UE4 C++/TankBattleGame/TankBattleGame/Content/StarterContent/Maps/StarterMap_BuiltData.uasset" 361
"../../../Engine/Content/Functions/Engine_MaterialFunctions03/Procedurals/ComputeFilterWidth.uasset" 362
"../../../Engine/Content/EngineMaterials/AntiAliasedTextMaterialTranslucent.uasset" 363
"../../../../../../Udemy Tutorials/UE4 C++/TankBattleGame/TankBattleGame/Content/StarterContent/Textures/T_Brick_Clay_Beveled_D.uasset" 364
"../../../../../../Udemy Tutorials/UE4 C++/TankBattleGame/TankBattleGame/Content/StarterContent/Textures/T_Brick_Clay_Beveled_M.uasset" 365
"../../../../../../Udemy Tutorials/UE4 C++/TankBattleGame/TankBattleGame/Content/StarterContent/Textures/T_Brick_Clay_Beveled_N.uasset" 366
"../../../../../../Udemy Tutorials/UE4 C++/TankBattleGame/TankBattleGame/Content/StarterContent/Materials/M_Brick_Clay_Beveled.uasset" 367
"../../../../../../Udemy Tutorials/UE4 C++/TankBattleGame/TankBattleGame/Content/StarterContent/Textures/T_Brick_Clay_New_D.uasset" 368
"../../../../../../Udemy Tutorials/UE4 C++/TankBattleGame/TankBattleGame/Content/StarterContent/Textures/T_Brick_Clay_New_M.uasset" 369
"../../../../../../Udemy Tutorials/UE4 C++/TankBattleGame/TankBattleGame/Content/StarterContent/Textures/T_Brick_Clay_New_N.uasset" 370
"../../../../../../Udemy Tutorials/UE4 C++/TankBattleGame/TankBattleGame/Content/StarterContent/Materials/M_Brick_Clay_New.uasset" 371
"../../../../../../Udemy Tutorials/UE4 C++/TankBattleGame/TankBattleGame/Content/StarterContent/Textures/T_Brick_Clay_Old_D.uasset" 372
"../../../../../../Udemy Tutorials/UE4 C++/TankBattleGame/TankBattleGame/Content/StarterContent/Textures/T_Brick_Clay_Old_N.uasset" 373
"../../../../../../Udemy Tutorials/UE4 C++/TankBattleGame/TankBattleGame/Content/StarterContent/Materials/M_Brick_Clay_Old.uasset" 374
"../../../../../../Udemy Tutorials/UE4 C++/TankBattleGame/TankBattleGame/Content/StarterContent/Textures/T_Brick_Cut_Stone_D.uasset" 375
"../../../../../../Udemy Tutorials/UE4 C++/TankBattleGame/TankBattleGame/Content/StarterContent/Textures/T_Brick_Cut_Stone_N.uasset" 376
"../../../../../../Udemy Tutorials/UE4 C++/TankBattleGame/TankBattleGame/Content/StarterContent/Materials/M_Brick_Cut_Stone.uasset" 377
"../../../../../../Udemy Tutorials/UE4 C++/TankBattleGame/TankBattleGame/Content/StarterContent/Textures/T_Brick_Hewn_Stone_D.uasset" 378
"../../../../../../Udemy Tutorials/UE4 C++/TankBattleGame/TankBattleGame/Content/StarterContent/Textures/T_Brick_Hewn_Stone_M.uasset" 379
"../../../../../../Udemy Tutorials/UE4 C++/TankBattleGame/TankBattleGame/Content/StarterContent/Textures/T_Brick_Hewn_Stone_N.uasset" 380
"../../../../../../Udemy Tutorials/UE4 C++/TankBattleGame/TankBattleGame/Content/StarterContent/Materials/M_Brick_Hewn_Stone.uasset" 381
"../../../../../../Udemy Tutorials/UE4 C++/TankBattleGame/TankBattleGame/Content/StarterContent/Textures/T_Ceramic_Tile_M.uasset" 382
"../../../../../../Udemy Tutorials/UE4 C++/TankBattleGame/TankBattleGame/Content/StarterContent/Textures/T_Ceramic_Tile_N.uasset" 383
"../../../../../../Udemy Tutorials/UE4 C++/TankBattleGame/TankBattleGame/Content/StarterContent/Textures/T_Rock_Marble_Polished_D.uasset" 384
"../../../../../../Udemy Tutorials/UE4 C++/TankBattleGame/TankBattleGame/Content/StarterContent/Materials/M_Ceramic_Tile_Checker.uasset" 385
"../../../../../../Udemy Tutorials/UE4 C++/TankBattleGame/TankBattleGame/Content/StarterContent/Textures/T_CobbleStone_Pebble_D.uasset" 386
"../../../../../../Udemy Tutorials/UE4 C++/TankBattleGame/TankBattleGame/Content/StarterContent/Textures/T_CobbleStone_Pebble_M.uasset" 387
"../../../../../../Udemy Tutorials/UE4 C++/TankBattleGame/TankBattleGame/Content/StarterContent/Textures/T_CobbleStone_Pebble_N.uasset" 388
"../../../../../../Udemy Tutorials/UE4 C++/TankBattleGame/TankBattleGame/Content/StarterContent/Materials/M_CobbleStone_Pebble.uasset" 389
"../../../../../../Udemy Tutorials/UE4 C++/TankBattleGame/TankBattleGame/Content/StarterContent/Textures/T_CobbleStone_Rough_D.uasset" 390
"../../../../../../Udemy Tutorials/UE4 C++/TankBattleGame/TankBattleGame/Content/StarterContent/Textures/T_CobbleStone_Rough_N.uasset" 391
"../../../../../../Udemy Tutorials/UE4 C++/TankBattleGame/TankBattleGame/Content/StarterContent/Textures/T_Gradinet_01.uasset" 392
"../../../../../../Udemy Tutorials/UE4 C++/TankBattleGame/TankBattleGame/Content/StarterContent/Textures/T_Rock_Smooth_Granite_D.uasset" 393
"../../../../../../Udemy Tutorials/UE4 C++/TankBattleGame/TankBattleGame/Content/StarterContent/Materials/M_CobbleStone_Rough.uasset" 394
"../../../../../../Udemy Tutorials/UE4 C++/TankBattleGame/TankBattleGame/Content/StarterContent/Textures/T_CobbleStone_Smooth_D.uasset" 395
"../../../../../../Udemy Tutorials/UE4 C++/TankBattleGame/TankBattleGame/Content/StarterContent/Textures/T_CobbleStone_Smooth_M.uasset" 396
"../../../../../../Udemy Tutorials/UE4 C++/TankBattleGame/TankBattleGame/Content/StarterContent/Textures/T_CobbleStone_Smooth_N.uasset" 397
"../../../../../../Udemy Tutorials/UE4 C++/TankBattleGame/TankBattleGame/Content/StarterContent/Materials/M_CobbleStone_Smooth.uasset" 398
"../../../../../../Udemy Tutorials/UE4 C++/TankBattleGame/TankBattleGame/Content/StarterContent/Textures/T_Concrete_Grime_D.uasset" 399
"../../../../../../Udemy Tutorials/UE4 C++/TankBattleGame/TankBattleGame/Content/StarterContent/Textures/T_Metal_Rust_N.uasset" 400
"../../../../../../Udemy Tutorials/UE4 C++/TankBattleGame/TankBattleGame/Content/StarterContent/Materials/M_Concrete_Grime.uasset" 401
"../../../../../../Udemy Tutorials/UE4 C++/TankBattleGame/TankBattleGame/Content/StarterContent/Textures/T_Concrete_Panels_D.uasset" 402
"../../../../../../Udemy Tutorials/UE4 C++/TankBattleGame/TankBattleGame/Content/StarterContent/Textures/T_Concrete_Panels_N.uasset" 403
"../../../../../../Udemy Tutorials/UE4 C++/TankBattleGame/TankBattleGame/Content/StarterContent/Materials/M_Concrete_Panels.uasset" 404
"../../../../../../Udemy Tutorials/UE4 C++/TankBattleGame/TankBattleGame/Content/StarterContent/Textures/T_Concrete_Poured_D.uasset" 405
"../../../../../../Udemy Tutorials/UE4 C++/TankBattleGame/TankBattleGame/Content/StarterContent/Textures/T_Concrete_Poured_N.uasset" 406
"../../../../../../Udemy Tutorials/UE4 C++/TankBattleGame/TankBattleGame/Content/StarterContent/Materials/M_Concrete_Poured.uasset" 407
"../../../../../../Udemy Tutorials/UE4 C++/TankBattleGame/TankBattleGame/Content/StarterContent/Textures/T_Concrete_Tiles_D.uasset" 408
"../../../../../../Udemy Tutorials/UE4 C++/TankBattleGame/TankBattleGame/Content/StarterContent/Textures/T_Concrete_Tiles_M.uasset" 409
"../../../../../../Udemy Tutorials/UE4 C++/TankBattleGame/TankBattleGame/Content/StarterContent/Textures/T_Concrete_Tiles_N.uasset" 410
"../../../../../../Udemy Tutorials/UE4 C++/TankBattleGame/TankBattleGame/Content/StarterContent/Textures/T_Concrete_Tiles_Variation_M.uasset" 411
"../../../../../../Udemy Tutorials/UE4 C++/TankBattleGame/TankBattleGame/Content/StarterContent/Materials/M_Concrete_Tiles.uasset" 412
"../../../../../../Udemy Tutorials/UE4 C++/TankBattleGame/TankBattleGame/Content/StarterContent/Textures/T_Ground_Gravel_D.uasset" 413
"../../../../../../Udemy Tutorials/UE4 C++/TankBattleGame/TankBattleGame/Content/StarterContent/Textures/T_Ground_Gravel_N.uasset" 414
"../../../../../../Udemy Tutorials/UE4 C++/TankBattleGame/TankBattleGame/Content/StarterContent/Materials/M_Ground_Gravel.uasset" 415
"../../../../../../Udemy Tutorials/UE4 C++/TankBattleGame/TankBattleGame/Content/StarterContent/Textures/T_ground_Moss_D.uasset" 416
"../../../../../../Udemy Tutorials/UE4 C++/TankBattleGame/TankBattleGame/Content/StarterContent/Textures/T_Ground_Moss_N.uasset" 417
"../../../../../../Udemy Tutorials/UE4 C++/TankBattleGame/TankBattleGame/Content/StarterContent/Materials/M_Ground_Moss.uasset" 418
"../../../../../../Udemy Tutorials/UE4 C++/TankBattleGame/TankBattleGame/Content/StarterContent/Textures/T_Metal_Gold_D.uasset" 419
"../../../../../../Udemy Tutorials/UE4 C++/TankBattleGame/TankBattleGame/Content/StarterContent/Materials/M_Metal_Gold.uasset" 420
"../../../../../../Udemy Tutorials/UE4 C++/TankBattleGame/TankBattleGame/Content/StarterContent/Textures/T_Metal_Rust_D.uasset" 421
"../../../../../../Udemy Tutorials/UE4 C++/TankBattleGame/TankBattleGame/Content/StarterContent/Materials/M_Metal_Rust.uasset" 422
"../../../../../../Udemy Tutorials/UE4 C++/TankBattleGame/TankBattleGame/Content/StarterContent/Textures/T_Rock_Basalt_N.uasset" 423
"../../../../../../Udemy Tutorials/UE4 C++/TankBattleGame/TankBattleGame/Content/StarterContent/Materials/M_Rock_Basalt.uasset" 424
"../../../../../../Udemy Tutorials/UE4 C++/TankBattleGame/TankBattleGame/Content/StarterContent/Materials/M_Rock_Marble_Polished.uasset" 425
"../../../../../../Udemy Tutorials/UE4 C++/TankBattleGame/TankBattleGame/Content/StarterContent/Textures/T_Rock_Sandstone_D.uasset" 426
"../../../../../../Udemy Tutorials/UE4 C++/TankBattleGame/TankBattleGame/Content/StarterContent/Textures/T_Rock_Sandstone_N.uasset" 427
"../../../../../../Udemy Tutorials/UE4 C++/TankBattleGame/TankBattleGame/Content/StarterContent/Materials/M_Rock_Sandstone.uasset" 428
"../../../../../../Udemy Tutorials/UE4 C++/TankBattleGame/TankBattleGame/Content/StarterContent/Textures/T_Rock_Slate_D.uasset" 429
"../../../../../../Udemy Tutorials/UE4 C++/TankBattleGame/TankBattleGame/Content/StarterContent/Textures/T_Rock_Slate_N.uasset" 430
"../../../../../../Udemy Tutorials/UE4 C++/TankBattleGame/TankBattleGame/Content/StarterContent/Materials/M_Rock_Slate.uasset" 431
"../../../../../../Udemy Tutorials/UE4 C++/TankBattleGame/TankBattleGame/Content/StarterContent/Textures/T_Checker_Noise_M.uasset" 432
"../../../../../../Udemy Tutorials/UE4 C++/TankBattleGame/TankBattleGame/Content/StarterContent/Textures/T_Single_Tile_N.uasset" 433
"../../../../../../Udemy Tutorials/UE4 C++/TankBattleGame/TankBattleGame/Content/StarterContent/Textures/T_Tech_Dot_M.uasset" 434
"../../../../../../Udemy Tutorials/UE4 C++/TankBattleGame/TankBattleGame/Content/StarterContent/Textures/T_Tech_Dot_N.uasset" 435
"../../../../../../Udemy Tutorials/UE4 C++/TankBattleGame/TankBattleGame/Content/StarterContent/Materials/M_Tech_Checker_Dot.uasset" 436
"../../../../../../Udemy Tutorials/UE4 C++/TankBattleGame/TankBattleGame/Content/StarterContent/Textures/T_Tech_Hex_Tile_M.uasset" 437
"../../../../../../Udemy Tutorials/UE4 C++/TankBattleGame/TankBattleGame/Content/StarterContent/Textures/T_Tech_Hex_Tile_N.uasset" 438
"../../../../../../Udemy Tutorials/UE4 C++/TankBattleGame/TankBattleGame/Content/StarterContent/Materials/M_Tech_Hex_Tile.uasset" 439
"../../../../../../Udemy Tutorials/UE4 C++/TankBattleGame/TankBattleGame/Content/StarterContent/Materials/M_Tech_Hex_Tile_Pulse.uasset" 440
"../../../../../../Udemy Tutorials/UE4 C++/TankBattleGame/TankBattleGame/Content/StarterContent/Textures/T_Tech_Panel_M.uasset" 441
"../../../../../../Udemy Tutorials/UE4 C++/TankBattleGame/TankBattleGame/Content/StarterContent/Textures/T_Tech_Panel_N.uasset" 442
"../../../../../../Udemy Tutorials/UE4 C++/TankBattleGame/TankBattleGame/Content/StarterContent/Materials/M_Tech_Panel.uasset" 443
"../../../../../../Udemy Tutorials/UE4 C++/TankBattleGame/TankBattleGame/Content/StarterContent/Materials/M_Water_Lake.uasset" 444
"../../../../../../Udemy Tutorials/UE4 C++/TankBattleGame/TankBattleGame/Content/StarterContent/Textures/T_Water_M.uasset" 445
"../../../../../../Udemy Tutorials/UE4 C++/TankBattleGame/TankBattleGame/Content/StarterContent/Materials/M_Water_Ocean.uasset" 446
"../../../../../../Udemy Tutorials/UE4 C++/TankBattleGame/TankBattleGame/Content/StarterContent/Textures/T_Wood_Floor_Walnut_D.uasset" 447
"../../../../../../Udemy Tutorials/UE4 C++/TankBattleGame/TankBattleGame/Content/StarterContent/Textures/T_Wood_Floor_Walnut_M.uasset" 448
"../../../../../../Udemy Tutorials/UE4 C++/TankBattleGame/TankBattleGame/Content/StarterContent/Textures/T_Wood_Floor_Walnut_N.uasset" 449
"../../../../../../Udemy Tutorials/UE4 C++/TankBattleGame/TankBattleGame/Content/StarterContent/Materials/M_Wood_Floor_Walnut_Polished.uasset" 450
"../../../Engine/Content/Functions/Engine_MaterialFunctions01/Opacity/AlphaOffset.uasset" 451
"../../../../../../Udemy Tutorials/UE4 C++/TankBattleGame/TankBattleGame/Content/StarterContent/Materials/M_Wood_Floor_Walnut_Worn.uasset" 452
"../../../../../../Udemy Tutorials/UE4 C++/TankBattleGame/TankBattleGame/Content/StarterContent/Textures/T_Wood_Oak_D.uasset" 453
"../../../../../../Udemy Tutorials/UE4 C++/TankBattleGame/TankBattleGame/Content/StarterContent/Textures/T_Wood_Oak_N.uasset" 454
"../../../../../../Udemy Tutorials/UE4 C++/TankBattleGame/TankBattleGame/Content/StarterContent/Materials/M_Wood_Oak.uasset" 455
"../../../../../../Udemy Tutorials/UE4 C++/TankBattleGame/TankBattleGame/Content/StarterContent/Textures/T_Wood_Pine_D.uasset" 456
"../../../../../../Udemy Tutorials/UE4 C++/TankBattleGame/TankBattleGame/Content/StarterContent/Textures/T_Wood_Pine_N.uasset" 457
"../../../../../../Udemy Tutorials/UE4 C++/TankBattleGame/TankBattleGame/Content/StarterContent/Materials/M_Wood_Pine.uasset" 458
"../../../../../../Udemy Tutorials/UE4 C++/TankBattleGame/TankBattleGame/Content/StarterContent/Textures/T_Wood_Walnut_D.uasset" 459
"../../../../../../Udemy Tutorials/UE4 C++/TankBattleGame/TankBattleGame/Content/StarterContent/Textures/T_Wood_Walnut_N.uasset" 460
"../../../../../../Udemy Tutorials/UE4 C++/TankBattleGame/TankBattleGame/Content/StarterContent/Materials/M_Wood_Walnut.uasset" 461
"../../../../../../Udemy Tutorials/UE4 C++/TankBattleGame/TankBattleGame/Content/StarterContent/Architecture/Wall_400x200.uasset" 462
"../../../../../../Udemy Tutorials/UE4 C++/TankBattleGame/TankBattleGame/Content/StarterContent/Architecture/Wall_Door_400x300.uasset" 463
"../../../../../../Udemy Tutorials/UE4 C++/TankBattleGame/TankBattleGame/Content/StarterContent/Architecture/Wall_Window_400x300.uasset" 464
"../../../../../../Udemy Tutorials/UE4 C++/TankBattleGame/TankBattleGame/Content/StarterContent/Audio/Collapse_Cue.uasset" 465
"../../../../../../Udemy Tutorials/UE4 C++/TankBattleGame/TankBattleGame/Content/StarterContent/Audio/Starter_Music_Cue.uasset" 466
"../../../../../../Udemy Tutorials/UE4 C++/TankBattleGame/TankBattleGame/Content/StarterContent/Textures/T_Dust_Particle_D.uasset" 467
"../../../../../../Udemy Tutorials/UE4 C++/TankBattleGame/TankBattleGame/Content/StarterContent/Particles/Materials/M_Dust_Particle.uasset" 468
"../../../../../../Udemy Tutorials/UE4 C++/TankBattleGame/TankBattleGame/Content/StarterContent/Particles/P_Ambient_Dust.uasset" 469
"../../../../../../Udemy Tutorials/UE4 C++/TankBattleGame/TankBattleGame/Content/StarterContent/Props/MaterialSphere.uasset" 470
"../../../../../../Udemy Tutorials/UE4 C++/TankBattleGame/TankBattleGame/Content/StarterContent/Textures/T_Frame_M.uasset" 471
"../../../../../../Udemy Tutorials/UE4 C++/TankBattleGame/TankBattleGame/Content/StarterContent/Textures/T_Frame_N.uasset" 472
"../../../../../../Udemy Tutorials/UE4 C++/TankBattleGame/TankBattleGame/Content/StarterContent/Props/Materials/M_Frame.uasset" 473
"../../../../../../Udemy Tutorials/UE4 C++/TankBattleGame/TankBattleGame/Content/StarterContent/Props/SM_CornerFrame.uasset" 474
"../../../../../../Udemy Tutorials/UE4 C++/TankBattleGame/TankBattleGame/Content/StarterContent/Props/SM_DoorFrame.uasset" 475
"../../../../../../Udemy Tutorials/UE4 C++/TankBattleGame/TankBattleGame/Content/StarterContent/Props/SM_GlassWindow.uasset" 476
"../../../../../../Udemy Tutorials/UE4 C++/TankBattleGame/TankBattleGame/Content/StarterContent/Props/SM_PillarFrame.uasset" 477
"../../../../../../Udemy Tutorials/UE4 C++/TankBattleGame/TankBattleGame/Content/StarterContent/Props/SM_PillarFrame300.uasset" 478
"../../../../../../Udemy Tutorials/UE4 C++/TankBattleGame/TankBattleGame/Content/StarterContent/Props/SM_WindowFrame.uasset" 479
"../../../../../../Udemy Tutorials/UE4 C++/TankBattleGame/TankBattleGame/Content/StarterContent/Shapes/Shape_Cube.uasset" 480
"../../../../../../Udemy Tutorials/UE4 C++/TankBattleGame/TankBattleGame/Content/StarterContent/Shapes/Shape_QuadPyramid.uasset" 481
"../../../../../../Udemy Tutorials/UE4 C++/TankBattleGame/TankBattleGame/Content/StarterContent/Shapes/Shape_Sphere.uasset" 482
"../../../../../../Udemy Tutorials/UE4 C++/TankBattleGame/TankBattleGame/Content/StarterContent/Maps/StarterMap.umap" 483
"../../../Engine/Content/Maps/Entry_BuiltData.uasset" 484
"../../../Engine/Content/Maps/Entry.umap" 485
